2025-10-15 19:32:15,880 - INFO - Database connection established
2025-10-15 19:32:15,880 - INFO - UserModel initialized successfully
2025-10-15 19:36:01,673 - INFO - New connection from ('192.168.110.75', 59605)
2025-10-15 19:36:01,674 - INFO - New client session started
2025-10-15 19:36:01,674 - DEBUG - Received action: login from client
2025-10-15 19:36:01,729 - DEBUG - Response sent: login
2025-10-15 19:36:01,733 - INFO - No data received, closing connection
2025-10-15 19:36:01,734 - INFO - Client connection closed
2025-10-15 19:36:09,910 - INFO - New connection from ('192.168.110.75', 59607)
2025-10-15 19:36:09,911 - INFO - New client session started
2025-10-15 19:36:09,911 - DEBUG - Received action: login from client
2025-10-15 19:36:10,266 - INFO - User logged in: my@gmail.com
2025-10-15 19:36:10,268 - INFO - User 5 logged in
2025-10-15 19:36:10,318 - DEBUG - Response sent: login
2025-10-15 19:36:10,354 - DEBUG - Received action: get_users from client
2025-10-15 19:36:10,406 - DEBUG - Response sent: get_users
2025-10-15 19:36:10,411 - DEBUG - Received action: get_chat_history from client
2025-10-15 19:36:10,414 - DEBUG - Chat history sent for receiver 1
2025-10-15 19:36:10,465 - DEBUG - Response sent: get_chat_history
2025-10-15 19:37:45,615 - DEBUG - Received action: get_chat_history from client
2025-10-15 19:37:45,617 - DEBUG - Chat history sent for receiver 2
2025-10-15 19:37:45,669 - DEBUG - Response sent: get_chat_history
2025-10-15 19:38:04,538 - INFO - New connection from ('192.168.110.75', 59075)
2025-10-15 19:38:04,539 - INFO - New client session started
2025-10-15 19:38:04,539 - DEBUG - Received action: login from client
2025-10-15 19:38:04,747 - INFO - User logged in: bo@gmail.com
2025-10-15 19:38:04,748 - INFO - User 6 logged in
2025-10-15 19:38:04,799 - DEBUG - Response sent: login
2025-10-15 19:38:04,819 - DEBUG - Received action: get_users from client
2025-10-15 19:38:04,871 - DEBUG - Response sent: get_users
2025-10-15 19:38:04,880 - DEBUG - Received action: get_chat_history from client
2025-10-15 19:38:04,881 - DEBUG - Chat history sent for receiver 1
2025-10-15 19:38:04,932 - DEBUG - Response sent: get_chat_history
2025-10-15 19:38:15,548 - DEBUG - Received action: get_chat_history from client
2025-10-15 19:38:15,551 - DEBUG - Chat history sent for receiver 6
2025-10-15 19:38:15,607 - DEBUG - Response sent: get_chat_history
2025-10-15 19:38:17,348 - DEBUG - Received action: get_chat_history from client
2025-10-15 19:38:17,349 - DEBUG - Chat history sent for receiver 5
2025-10-15 19:38:17,400 - DEBUG - Response sent: get_chat_history
2025-10-15 19:38:22,024 - DEBUG - Received action: message from client
2025-10-15 19:38:22,036 - DEBUG - Message saved: 5 -> 6
2025-10-15 19:38:22,037 - DEBUG - Message sent to user 6
2025-10-15 19:38:22,088 - DEBUG - Response sent: message
2025-10-15 19:38:25,922 - DEBUG - Received action: message from client
2025-10-15 19:38:25,928 - DEBUG - Message saved: 6 -> 5
2025-10-15 19:38:25,929 - DEBUG - Message sent to user 5
2025-10-15 19:38:25,980 - DEBUG - Response sent: message
2025-10-15 19:38:37,270 - DEBUG - Received action: send_image from client
2025-10-15 19:38:37,273 - DEBUG - Image message saved: 5 -> 6
2025-10-15 19:38:37,274 - DEBUG - Image sent to user 6
2025-10-15 19:38:37,325 - DEBUG - Response sent: send_image
2025-10-15 19:38:43,769 - DEBUG - Received action: send_voice from client
2025-10-15 19:38:43,790 - DEBUG - Voice message saved: 5 -> 6
2025-10-15 19:38:43,791 - DEBUG - Voice sent to user 6
2025-10-15 19:38:43,842 - DEBUG - Response sent: send_voice
2025-10-15 19:39:20,332 - DEBUG - Received action: send_voice from client
2025-10-15 19:39:20,345 - DEBUG - Voice message saved: 5 -> 6
2025-10-15 19:39:20,346 - DEBUG - Voice sent to user 6
2025-10-15 19:39:20,397 - DEBUG - Response sent: send_voice
2025-10-15 19:43:25,981 - WARNING - Connection timed out
2025-10-15 19:43:25,981 - INFO - User 6 disconnected
2025-10-15 19:43:25,982 - INFO - Client connection closed
2025-10-15 19:44:20,406 - WARNING - Connection timed out
2025-10-15 19:44:20,406 - INFO - User 5 disconnected
2025-10-15 19:44:20,407 - INFO - Client connection closed
